<?xml version="1.0" encoding="UTF-8"?>
<!-- Generated by org.testng.reporters.JUnitReportReporter -->
<testsuite hostname="DESKTOP-BGPMGNP" failures="0" tests="1" name="com.TestCases.LoginTest" time="2.007" errors="0" timestamp="2024-04-23T10:51:28 IST" skipped="0">
  <testcase classname="com.TestCases.LoginTest" name="LoginAdmin" time="2.007"/>
  <system-out/>
</testsuite> <!-- com.TestCases.LoginTest -->
